This file contains any messages produced by compilers while
running configure, to aid debugging if configure makes a mistake.

It was created by getmsptelemetry configure 1.0, which was
generated by GNU Autoconf 2.69.  Invocation command line was

  $ ./configure --no-create --no-recursion

## --------- ##
## Platform. ##
## --------- ##

hostname = printerberry
uname -m = armv6l
uname -r = 4.1.13+
uname -s = Linux
uname -v = #826 PREEMPT Fri Nov 13 20:13:22 GMT 2015

/usr/bin/uname -p = unknown
/bin/uname -X     = unknown

/bin/arch              = unknown
/usr/bin/arch -k       = unknown
/usr/convex/getsysinfo = unknown
/usr/bin/hostinfo      = unknown
/bin/machine           = unknown
/usr/bin/oslevel       = unknown
/bin/universe          = unknown

PATH: /usr/local/sbin
PATH: /usr/local/bin
PATH: /usr/sbin
PATH: /usr/bin
PATH: /sbin
PATH: /bin
PATH: /usr/local/games
PATH: /usr/games


## ----------- ##
## Core tests. ##
## ----------- ##

configure:1822: checking for a BSD-compatible install
configure:1890: result: /usr/bin/install -c
configure:1901: checking whether build environment is sane
configure:1951: result: yes
configure:2092: checking for a thread-safe mkdir -p
configure:2131: result: /bin/mkdir -p
configure:2144: checking for gawk
configure:2174: result: no
configure:2144: checking for mawk
configure:2160: found /usr/bin/mawk
configure:2171: result: mawk
configure:2182: checking whether make sets $(MAKE)
configure:2204: result: yes
configure:2332: checking for gcc
configure:2348: found /usr/bin/gcc
configure:2359: result: gcc
configure:2588: checking for C compiler version
configure:2597: gcc --version >&5
gcc (Debian 4.6.3-14+rpi1) 4.6.3
Copyright (C) 2011 Free Software Foundation, Inc.
This is free software; see the source for copying conditions.  There is NO
warranty; not even for MERCHANTABILITY or FITNESS FOR A PARTICULAR PURPOSE.

configure:2608: $? = 0
configure:2597: gcc -v >&5
Using built-in specs.
COLLECT_GCC=gcc
COLLECT_LTO_WRAPPER=/usr/lib/gcc/arm-linux-gnueabihf/4.6/lto-wrapper
Target: arm-linux-gnueabihf
Configured with: ../src/configure -v --with-pkgversion='Debian 4.6.3-14+rpi1' --with-bugurl=file:///usr/share/doc/gcc-4.6/README.Bugs --enable-languages=c,c++,fortran,objc,obj-c++ --prefix=/usr --program-suffix=-4.6 --enable-shared --enable-linker-build-id --with-system-zlib --libexecdir=/usr/lib --without-included-gettext --enable-threads=posix --with-gxx-include-dir=/usr/include/c++/4.6 --libdir=/usr/lib --enable-nls --with-sysroot=/ --enable-clocale=gnu --enable-libstdcxx-debug --enable-libstdcxx-time=yes --enable-gnu-unique-object --enable-plugin --enable-objc-gc --disable-sjlj-exceptions --with-arch=armv6 --with-fpu=vfp --with-float=hard --enable-checking=release --build=arm-linux-gnueabihf --host=arm-linux-gnueabihf --target=arm-linux-gnueabihf
Thread model: posix
gcc version 4.6.3 (Debian 4.6.3-14+rpi1) 
configure:2608: $? = 0
configure:2597: gcc -V >&5
gcc: error: unrecognized option '-V'
gcc: fatal error: no input files
compilation terminated.
configure:2608: $? = 4
configure:2597: gcc -qversion >&5
gcc: error: unrecognized option '-qversion'
gcc: fatal error: no input files
compilation terminated.
configure:2608: $? = 4
configure:2628: checking whether the C compiler works
configure:2650: gcc    conftest.c  >&5
configure:2654: $? = 0
configure:2702: result: yes
configure:2705: checking for C compiler default output file name
configure:2707: result: a.out
configure:2713: checking for suffix of executables
configure:2720: gcc -o conftest    conftest.c  >&5
configure:2724: $? = 0
configure:2746: result: 
configure:2768: checking whether we are cross compiling
configure:2776: gcc -o conftest    conftest.c  >&5
configure:2780: $? = 0
configure:2787: ./conftest
configure:2791: $? = 0
configure:2806: result: no
configure:2811: checking for suffix of object files
configure:2833: gcc -c   conftest.c >&5
configure:2837: $? = 0
configure:2858: result: o
configure:2862: checking whether we are using the GNU C compiler
configure:2881: gcc -c   conftest.c >&5
configure:2881: $? = 0
configure:2890: result: yes
configure:2899: checking whether gcc accepts -g
configure:2919: gcc -c -g  conftest.c >&5
configure:2919: $? = 0
configure:2960: result: yes
configure:2977: checking for gcc option to accept ISO C89
configure:3040: gcc  -c -g -O2  conftest.c >&5
configure:3040: $? = 0
configure:3053: result: none needed
configure:3084: checking for style of include used by make
configure:3112: result: GNU
configure:3138: checking dependency style of gcc
configure:3249: result: gcc3
configure:3432: creating ./config.status

## ---------------- ##
## Cache variables. ##
## ---------------- ##

ac_cv_c_compiler_gnu=yes
ac_cv_env_CC_set=
ac_cv_env_CC_value=
ac_cv_env_CFLAGS_set=
ac_cv_env_CFLAGS_value=
ac_cv_env_CPPFLAGS_set=
ac_cv_env_CPPFLAGS_value=
ac_cv_env_LDFLAGS_set=
ac_cv_env_LDFLAGS_value=
ac_cv_env_LIBS_set=
ac_cv_env_LIBS_value=
ac_cv_env_build_alias_set=
ac_cv_env_build_alias_value=
ac_cv_env_host_alias_set=
ac_cv_env_host_alias_value=
ac_cv_env_target_alias_set=
ac_cv_env_target_alias_value=
ac_cv_objext=o
ac_cv_path_install='/usr/bin/install -c'
ac_cv_path_mkdir=/bin/mkdir
ac_cv_prog_AWK=mawk
ac_cv_prog_ac_ct_CC=gcc
ac_cv_prog_cc_c89=
ac_cv_prog_cc_g=yes
ac_cv_prog_make_make_set=yes
am_cv_CC_dependencies_compiler_type=gcc3

## ----------------- ##
## Output variables. ##
## ----------------- ##

ACLOCAL='${SHELL} /home/pi/public_mnt/get_msp_telemetry/get_msp_telemetry/missing --run aclocal-1.11'
AMDEPBACKSLASH='\'
AMDEP_FALSE='#'
AMDEP_TRUE=''
AMTAR='$${TAR-tar}'
AUTOCONF='${SHELL} /home/pi/public_mnt/get_msp_telemetry/get_msp_telemetry/missing --run autoconf'
AUTOHEADER='${SHELL} /home/pi/public_mnt/get_msp_telemetry/get_msp_telemetry/missing --run autoheader'
AUTOMAKE='${SHELL} /home/pi/public_mnt/get_msp_telemetry/get_msp_telemetry/missing --run automake-1.11'
AWK='mawk'
CC='gcc'
CCDEPMODE='depmode=gcc3'
CFLAGS='-g -O2'
CPPFLAGS=''
CYGPATH_W='echo'
DEFS='-DPACKAGE_NAME=\"getmsptelemetry\" -DPACKAGE_TARNAME=\"getmsptelemetry\" -DPACKAGE_VERSION=\"1.0\" -DPACKAGE_STRING=\"getmsptelemetry\ 1.0\" -DPACKAGE_BUGREPORT=\"info@termors.net\" -DPACKAGE_URL=\"\" -DPACKAGE=\"getmsptelemetry\" -DVERSION=\"1.0\"'
DEPDIR='.deps'
ECHO_C=''
ECHO_N='-n'
ECHO_T=''
EXEEXT=''
INSTALL_DATA='${INSTALL} -m 644'
INSTALL_PROGRAM='${INSTALL}'
INSTALL_SCRIPT='${INSTALL}'
INSTALL_STRIP_PROGRAM='$(install_sh) -c -s'
LDFLAGS=''
LIBOBJS=''
LIBS=''
LTLIBOBJS=''
MAKEINFO='${SHELL} /home/pi/public_mnt/get_msp_telemetry/get_msp_telemetry/missing --run makeinfo'
MKDIR_P='/bin/mkdir -p'
OBJEXT='o'
PACKAGE='getmsptelemetry'
PACKAGE_BUGREPORT='info@termors.net'
PACKAGE_NAME='getmsptelemetry'
PACKAGE_STRING='getmsptelemetry 1.0'
PACKAGE_TARNAME='getmsptelemetry'
PACKAGE_URL=''
PACKAGE_VERSION='1.0'
PATH_SEPARATOR=':'
SET_MAKE=''
SHELL='/bin/bash'
STRIP=''
VERSION='1.0'
ac_ct_CC='gcc'
am__EXEEXT_FALSE=''
am__EXEEXT_TRUE='#'
am__fastdepCC_FALSE='#'
am__fastdepCC_TRUE=''
am__include='include'
am__isrc=''
am__leading_dot='.'
am__nodep='_no'
am__quote=''
am__tar='$${TAR-tar} chof - "$$tardir"'
am__untar='$${TAR-tar} xf -'
bindir='${exec_prefix}/bin'
build_alias=''
datadir='${datarootdir}'
datarootdir='${prefix}/share'
docdir='${datarootdir}/doc/${PACKAGE_TARNAME}'
dvidir='${docdir}'
exec_prefix='${prefix}'
host_alias=''
htmldir='${docdir}'
includedir='${prefix}/include'
infodir='${datarootdir}/info'
install_sh='${SHELL} /home/pi/public_mnt/get_msp_telemetry/get_msp_telemetry/install-sh'
libdir='${exec_prefix}/lib'
libexecdir='${exec_prefix}/libexec'
localedir='${datarootdir}/locale'
localstatedir='${prefix}/var'
mandir='${datarootdir}/man'
mkdir_p='/bin/mkdir -p'
oldincludedir='/usr/include'
pdfdir='${docdir}'
prefix='/usr/local'
program_transform_name='s,x,x,'
psdir='${docdir}'
sbindir='${exec_prefix}/sbin'
sharedstatedir='${prefix}/com'
sysconfdir='${prefix}/etc'
target_alias=''

## ----------- ##
## confdefs.h. ##
## ----------- ##

/* confdefs.h */
#define PACKAGE_NAME "getmsptelemetry"
#define PACKAGE_TARNAME "getmsptelemetry"
#define PACKAGE_VERSION "1.0"
#define PACKAGE_STRING "getmsptelemetry 1.0"
#define PACKAGE_BUGREPORT "info@termors.net"
#define PACKAGE_URL ""
#define PACKAGE "getmsptelemetry"
#define VERSION "1.0"

configure: exit 0

## ---------------------- ##
## Running config.status. ##
## ---------------------- ##

This file was extended by getmsptelemetry config.status 1.0, which was
generated by GNU Autoconf 2.69.  Invocation command line was

  CONFIG_FILES    = 
  CONFIG_HEADERS  = 
  CONFIG_LINKS    = 
  CONFIG_COMMANDS = 
  $ ./config.status 

on printerberry

config.status:768: creating Makefile
config.status:940: executing depfiles commands
